<?xml version="1.0" encoding="UTF-8"?>
<!-- Generated by org.testng.reporters.JUnitReportReporter -->
<testsuite skipped="5" hostname="admin-PC" name="Testcases.ValidDataTest" tests="11" failures="0" timestamp="14 Nov 2017 06:44:59 GMT" time="85.491" errors="0">
  <testcase name="AboutMe" time="85.302" classname="Testcases.ValidDataTest"/>
  <testcase name="EmergencyContact" time="0.031" classname="Testcases.ValidDataTest"/>
  <testcase name="Education" time="0.033" classname="Testcases.ValidDataTest"/>
  <testcase name="Cizizenship" time="0.031" classname="Testcases.ValidDataTest"/>
  <testcase name="Ethinic" time="0.047" classname="Testcases.ValidDataTest"/>
  <testcase name="Disability" time="0.047" classname="Testcases.ValidDataTest"/>
  <testcase name="Background" classname="Testcases.ValidDataTest">
    <skipped/>
  </testcase> <!-- Background -->
  <testcase name="Disabled" classname="Testcases.ValidDataTest">
    <skipped/>
  </testcase> <!-- Disabled -->
  <testcase name="Deposit" classname="Testcases.ValidDataTest">
    <skipped/>
  </testcase> <!-- Deposit -->
  <testcase name="Military" classname="Testcases.ValidDataTest">
    <skipped/>
  </testcase> <!-- Military -->
  <testcase name="Fedaral" classname="Testcases.ValidDataTest">
    <skipped/>
  </testcase> <!-- Fedaral -->
</testsuite> <!-- Testcases.ValidDataTest -->
