<?xml version="1.0" encoding="UTF-8"?>
<!-- Generated by org.testng.reporters.JUnitReportReporter -->
<testsuite skipped="0" hostname="admin-PC" name="Testcases.DirectDepositCheckValidationTest" tests="11" failures="0" timestamp="21 Nov 2017 11:56:03 GMT" time="78.379" errors="0">
  <testcase name="AboutMe" time="28.086" classname="Testcases.DirectDepositCheckValidationTest"/>
  <testcase name="DirectDeposit" time="47.818" classname="Testcases.DirectDepositCheckValidationTest"/>
  <testcase name="CheckValidationAccount" time="0.070" classname="Testcases.DirectDepositCheckValidationTest"/>
  <testcase name="CheckValidationRounting" time="0.084" classname="Testcases.DirectDepositCheckValidationTest"/>
  <testcase name="AddAllotment" time="1.813" classname="Testcases.DirectDepositCheckValidationTest"/>
  <testcase name="CheckValidationAmount" time="0.074" classname="Testcases.DirectDepositCheckValidationTest"/>
  <testcase name="CheckValidationAllotAccount" time="0.066" classname="Testcases.DirectDepositCheckValidationTest"/>
  <testcase name="CheckValidationAllotRout" time="0.063" classname="Testcases.DirectDepositCheckValidationTest"/>
  <testcase name="Oraganization" time="0.195" classname="Testcases.DirectDepositCheckValidationTest"/>
  <testcase name="CheckValidationOrganization" time="0.057" classname="Testcases.DirectDepositCheckValidationTest"/>
  <testcase name="CheckValidationOrganizationAccount" time="0.053" classname="Testcases.DirectDepositCheckValidationTest"/>
</testsuite> <!-- Testcases.DirectDepositCheckValidationTest -->
