<?xml version="1.0" encoding="UTF-8"?>
<!-- Generated by org.testng.reporters.JUnitReportReporter -->
<testsuite skipped="0" hostname="admin-PC" name="Testcases.LifeInsuranceTest" tests="4" failures="0" timestamp="16 Nov 2017 12:16:32 GMT" time="61.344" errors="0">
  <testcase name="Benifits" time="61.124" classname="Testcases.LifeInsuranceTest"/>
  <testcase name="CheckValidationForBeneficiary" time="0.089" classname="Testcases.LifeInsuranceTest"/>
  <testcase name="CheckValidationForInsurance" time="0.069" classname="Testcases.LifeInsuranceTest"/>
  <testcase name="CheckValidationForSignature" time="0.062" classname="Testcases.LifeInsuranceTest"/>
</testsuite> <!-- Testcases.LifeInsuranceTest -->
