<?xml version="1.0" encoding="UTF-8"?>
<!-- Generated by org.testng.reporters.JUnitReportReporter -->
<testsuite skipped="0" hostname="admin-PC" name="Testcases.EmergencyContactCheckValidationTest" tests="10" failures="0" timestamp="21 Nov 2017 11:10:33 GMT" time="58.268" errors="0">
  <testcase name="AboutMe" time="19.155" classname="Testcases.EmergencyContactCheckValidationTest"/>
  <testcase name="EmergencyContact" time="38.582" classname="Testcases.EmergencyContactCheckValidationTest"/>
  <testcase name="CheckValidationStreetAdd" time="0.104" classname="Testcases.EmergencyContactCheckValidationTest"/>
  <testcase name="CheckValidationCountry" time="0.072" classname="Testcases.EmergencyContactCheckValidationTest"/>
  <testcase name="CheckValidationZipcode" time="0.061" classname="Testcases.EmergencyContactCheckValidationTest"/>
  <testcase name="CheckValidationPhonetype" time="0.055" classname="Testcases.EmergencyContactCheckValidationTest"/>
  <testcase name="CheckValidationPhonetNumber" time="0.056" classname="Testcases.EmergencyContactCheckValidationTest"/>
  <testcase name="CheckValidationFirstname" time="0.060" classname="Testcases.EmergencyContactCheckValidationTest"/>
  <testcase name="CheckValidationLastname" time="0.055" classname="Testcases.EmergencyContactCheckValidationTest"/>
  <testcase name="CheckValidationRelationship" time="0.068" classname="Testcases.EmergencyContactCheckValidationTest"/>
</testsuite> <!-- Testcases.EmergencyContactCheckValidationTest -->
