<?xml version="1.0" encoding="UTF-8"?>
<!-- Generated by org.testng.reporters.JUnitReportReporter -->
<testsuite skipped="18" hostname="admin-PC" name="Testcases.AboutMeTest" tests="35" failures="0" timestamp="10 Nov 2017 13:03:51 GMT" time="132.076" errors="0">
  <testcase name="AboutMe" time="58.605" classname="Testcases.AboutMeTest"/>
  <testcase name="FirstnameValidationOnly" time="20.588" classname="Testcases.AboutMeTest"/>
  <testcase name="FedralClick" time="7.464" classname="Testcases.AboutMeTest"/>
  <testcase name="LastnameValidationOnly" time="0.277" classname="Testcases.AboutMeTest"/>
  <testcase name="MaritalValidationOnly" time="0.380" classname="Testcases.AboutMeTest"/>
  <testcase name="StreetaddressValidationOnly" time="0.459" classname="Testcases.AboutMeTest"/>
  <testcase name="CountryValidationcheckOnly" time="0.491" classname="Testcases.AboutMeTest"/>
  <testcase name="CityValidationcheckOnly" time="2.440" classname="Testcases.AboutMeTest"/>
  <testcase name="ZipcodeValidationCheckOnly" time="5.930" classname="Testcases.AboutMeTest"/>
  <testcase name="EmailValidationcheckOnly" time="5.429" classname="Testcases.AboutMeTest"/>
  <testcase name="PhoneValidationCheckOnly" time="5.616" classname="Testcases.AboutMeTest"/>
  <testcase name="CountrybirthValidationOnly" time="0.603" classname="Testcases.AboutMeTest"/>
  <testcase name="GendervalidationOnly" time="6.954" classname="Testcases.AboutMeTest"/>
  <testcase name="EyecolorValidationOnly" time="0.499" classname="Testcases.AboutMeTest"/>
  <testcase name="HairValidationcheckOnly" time="5.542" classname="Testcases.AboutMeTest"/>
  <testcase name="HeightValidationCheckOnly" time="5.467" classname="Testcases.AboutMeTest"/>
  <testcase name="WeightValidationCheckOnly" time="5.332" classname="Testcases.AboutMeTest"/>
  <testcase name="CheckValidationeyecolor" classname="Testcases.AboutMeTest">
    <skipped/>
  </testcase> <!-- CheckValidationeyecolor -->
  <testcase name="CheckValidationStreet" classname="Testcases.AboutMeTest">
    <skipped/>
  </testcase> <!-- CheckValidationStreet -->
  <testcase name="CheckValidationhaircolor" classname="Testcases.AboutMeTest">
    <skipped/>
  </testcase> <!-- CheckValidationhaircolor -->
  <testcase name="CheckValidationEmail" classname="Testcases.AboutMeTest">
    <skipped/>
  </testcase> <!-- CheckValidationEmail -->
  <testcase name="CheckValidationheight" classname="Testcases.AboutMeTest">
    <skipped/>
  </testcase> <!-- CheckValidationheight -->
  <testcase name="CheckValidationzipcode" classname="Testcases.AboutMeTest">
    <skipped/>
  </testcase> <!-- CheckValidationzipcode -->
  <testcase name="CheckValidationcountrybirth" classname="Testcases.AboutMeTest">
    <skipped/>
  </testcase> <!-- CheckValidationcountrybirth -->
  <testcase name="CheckValidationFirstname" classname="Testcases.AboutMeTest">
    <skipped/>
  </testcase> <!-- CheckValidationFirstname -->
  <testcase name="CheckValidationmarital" classname="Testcases.AboutMeTest">
    <skipped/>
  </testcase> <!-- CheckValidationmarital -->
  <testcase name="CheckValidationweight" classname="Testcases.AboutMeTest">
    <skipped/>
  </testcase> <!-- CheckValidationweight -->
  <testcase name="Disabled" classname="Testcases.AboutMeTest">
    <skipped/>
  </testcase> <!-- Disabled -->
  <testcase name="CheckValidationlastname" classname="Testcases.AboutMeTest">
    <skipped/>
  </testcase> <!-- CheckValidationlastname -->
  <testcase name="CheckValidationemailformat" classname="Testcases.AboutMeTest">
    <skipped/>
  </testcase> <!-- CheckValidationemailformat -->
  <testcase name="CheckValidationcountry" classname="Testcases.AboutMeTest">
    <skipped/>
  </testcase> <!-- CheckValidationcountry -->
  <testcase name="CheckValidationssn" classname="Testcases.AboutMeTest">
    <skipped/>
  </testcase> <!-- CheckValidationssn -->
  <testcase name="CheckValidationgender" classname="Testcases.AboutMeTest">
    <skipped/>
  </testcase> <!-- CheckValidationgender -->
  <testcase name="CheckValidations" classname="Testcases.AboutMeTest">
    <skipped/>
  </testcase> <!-- CheckValidations -->
  <testcase name="CheckValidationphone" classname="Testcases.AboutMeTest">
    <skipped/>
  </testcase> <!-- CheckValidationphone -->
</testsuite> <!-- Testcases.AboutMeTest -->
