<?xml version="1.0" encoding="UTF-8"?>
<!-- Generated by org.testng.reporters.JUnitReportReporter -->
<testsuite skipped="0" hostname="admin-PC" name="Testcases.EducationCheckValidationTest" tests="3" failures="0" timestamp="21 Nov 2017 10:21:17 GMT" time="55.551" errors="0">
  <testcase name="AboutMe" time="23.056" classname="Testcases.EducationCheckValidationTest"/>
  <testcase name="Education" time="32.406" classname="Testcases.EducationCheckValidationTest"/>
  <testcase name="CheckVlaidtionForEducation" time="0.089" classname="Testcases.EducationCheckValidationTest"/>
</testsuite> <!-- Testcases.EducationCheckValidationTest -->
